<?xml version="1.0" encoding="UTF-8"?>
<!-- Generated by org.testng.reporters.JUnitXMLReporter -->
<testsuite ignored="0" hostname="DESKTOP-678UJMN" failures="1" tests="5" name="Accounts" time="48.732" errors="0" timestamp="2023-12-03T16:55:08 EST">
  <testcase classname="com.testng.tests.AccountsTest" name="createaccount" time="7.738"/>
  <testcase classname="com.testng.tests.AccountsTest" name="createaccountreport" time="6.706"/>
  <testcase classname="com.testng.tests.AccountsTest" name="createnewview" time="5.249"/>
  <testcase classname="com.testng.tests.AccountsTest" name="editview" time="5.092">
    <failure type="org.openqa.selenium.NoSuchElementException" message="Cannot locate element with text: Daffodils1
For documentation on this error, please visit: https://www.seleniumhq.org/exceptions/no_such_element.html
Build info: version: &amp;apos;3.141.59&amp;apos;, revision: &amp;apos;e82be7d358&amp;apos;, time: &amp;apos;2018-11-14T08:17:03&amp;apos;
System info: host: &amp;apos;DESKTOP-678UJMN&amp;apos;, ip: &amp;apos;192.168.1.113&amp;apos;, os.name: &amp;apos;Windows 11&amp;apos;, os.arch: &amp;apos;amd64&amp;apos;, os.version: &amp;apos;10.0&amp;apos;, java.version: &amp;apos;18.0.1.1&amp;apos;
Driver info: driver.version: unknown">
      <![CDATA[org.openqa.selenium.NoSuchElementException: Cannot locate element with text: Daffodils1
For documentation on this error, please visit: https://www.seleniumhq.org/exceptions/no_such_element.html
Build info: version: '3.141.59', revision: 'e82be7d358', time: '2018-11-14T08:17:03'
System info: host: 'DESKTOP-678UJMN', ip: '192.168.1.113', os.name: 'Windows 11', os.arch: 'amd64', os.version: '10.0', java.version: '18.0.1.1'
Driver info: driver.version: unknown
at org.openqa.selenium.support.ui.Select.selectByVisibleText(Select.java:147)
at com.testng.pages.AccountsPage.selectfromdropdown(AccountsPage.java:161)
at com.testng.tests.AccountsTest.editview(AccountsTest.java:88)
at java.base/java.util.ArrayList.forEach(ArrayList.java:1511)
... Removed 25 stack frames]]>
    </failure>
  </testcase> <!-- editview -->
  <testcase classname="com.testng.tests.AccountsTest" name="mergeaccounts" time="11.911"/>
</testsuite> <!-- Accounts -->
